GowinSynthesis start
Running parser ...
Analyzing Verilog file '/home/milton/kraft80/hardware/TANG-NANO-VIDEO/hdmi/src/gowin_clkdiv/gowin_clkdiv.v'
Analyzing Verilog file '/home/milton/kraft80/hardware/TANG-NANO-VIDEO/hdmi/src/gowin_dpb/gowin_dpb.v'
Analyzing Verilog file '/home/milton/kraft80/hardware/TANG-NANO-VIDEO/hdmi/src/gowin_rpll/gowin_rpll.v'
Analyzing Verilog file '/home/milton/kraft80/hardware/TANG-NANO-VIDEO/hdmi/src/gowin_sdpb/gowin_sdpb.v'
Analyzing Verilog file '/home/milton/kraft80/hardware/TANG-NANO-VIDEO/hdmi/src/hdmi/svo_defines.vh'
Analyzing Verilog file '/home/milton/kraft80/hardware/TANG-NANO-VIDEO/hdmi/src/hdmi/svo_enc.v'
Analyzing included file '/home/milton/kraft80/hardware/TANG-NANO-VIDEO/hdmi/src/hdmi/svo_defines.vh'("/home/milton/kraft80/hardware/TANG-NANO-VIDEO/hdmi/src/hdmi/svo_enc.v":21)
Back to file '/home/milton/kraft80/hardware/TANG-NANO-VIDEO/hdmi/src/hdmi/svo_enc.v'("/home/milton/kraft80/hardware/TANG-NANO-VIDEO/hdmi/src/hdmi/svo_enc.v":21)
Analyzing Verilog file '/home/milton/kraft80/hardware/TANG-NANO-VIDEO/hdmi/src/hdmi/svo_openldi.v'
Analyzing included file '/home/milton/kraft80/hardware/TANG-NANO-VIDEO/hdmi/src/hdmi/svo_defines.vh'("/home/milton/kraft80/hardware/TANG-NANO-VIDEO/hdmi/src/hdmi/svo_openldi.v":21)
Back to file '/home/milton/kraft80/hardware/TANG-NANO-VIDEO/hdmi/src/hdmi/svo_openldi.v'("/home/milton/kraft80/hardware/TANG-NANO-VIDEO/hdmi/src/hdmi/svo_openldi.v":21)
Analyzing Verilog file '/home/milton/kraft80/hardware/TANG-NANO-VIDEO/hdmi/src/hdmi/svo_tcard.v'
Analyzing included file '/home/milton/kraft80/hardware/TANG-NANO-VIDEO/hdmi/src/hdmi/svo_defines.vh'("/home/milton/kraft80/hardware/TANG-NANO-VIDEO/hdmi/src/hdmi/svo_tcard.v":21)
Back to file '/home/milton/kraft80/hardware/TANG-NANO-VIDEO/hdmi/src/hdmi/svo_tcard.v'("/home/milton/kraft80/hardware/TANG-NANO-VIDEO/hdmi/src/hdmi/svo_tcard.v":21)
Analyzing Verilog file '/home/milton/kraft80/hardware/TANG-NANO-VIDEO/hdmi/src/hdmi/svo_term.v'
Analyzing included file '/home/milton/kraft80/hardware/TANG-NANO-VIDEO/hdmi/src/hdmi/svo_defines.vh'("/home/milton/kraft80/hardware/TANG-NANO-VIDEO/hdmi/src/hdmi/svo_term.v":21)
Back to file '/home/milton/kraft80/hardware/TANG-NANO-VIDEO/hdmi/src/hdmi/svo_term.v'("/home/milton/kraft80/hardware/TANG-NANO-VIDEO/hdmi/src/hdmi/svo_term.v":21)
Analyzing Verilog file '/home/milton/kraft80/hardware/TANG-NANO-VIDEO/hdmi/src/hdmi/svo_tmds.v'
Analyzing included file '/home/milton/kraft80/hardware/TANG-NANO-VIDEO/hdmi/src/hdmi/svo_defines.vh'("/home/milton/kraft80/hardware/TANG-NANO-VIDEO/hdmi/src/hdmi/svo_tmds.v":21)
Back to file '/home/milton/kraft80/hardware/TANG-NANO-VIDEO/hdmi/src/hdmi/svo_tmds.v'("/home/milton/kraft80/hardware/TANG-NANO-VIDEO/hdmi/src/hdmi/svo_tmds.v":21)
Analyzing Verilog file '/home/milton/kraft80/hardware/TANG-NANO-VIDEO/hdmi/src/hdmi/svo_utils.v'
Analyzing included file '/home/milton/kraft80/hardware/TANG-NANO-VIDEO/hdmi/src/hdmi/svo_defines.vh'("/home/milton/kraft80/hardware/TANG-NANO-VIDEO/hdmi/src/hdmi/svo_utils.v":21)
Back to file '/home/milton/kraft80/hardware/TANG-NANO-VIDEO/hdmi/src/hdmi/svo_utils.v'("/home/milton/kraft80/hardware/TANG-NANO-VIDEO/hdmi/src/hdmi/svo_utils.v":21)
Analyzing Verilog file '/home/milton/kraft80/hardware/TANG-NANO-VIDEO/hdmi/src/hdmi/svo_vdma.v'
Analyzing included file '/home/milton/kraft80/hardware/TANG-NANO-VIDEO/hdmi/src/hdmi/svo_defines.vh'("/home/milton/kraft80/hardware/TANG-NANO-VIDEO/hdmi/src/hdmi/svo_vdma.v":21)
Back to file '/home/milton/kraft80/hardware/TANG-NANO-VIDEO/hdmi/src/hdmi/svo_vdma.v'("/home/milton/kraft80/hardware/TANG-NANO-VIDEO/hdmi/src/hdmi/svo_vdma.v":21)
Analyzing Verilog file '/home/milton/kraft80/hardware/TANG-NANO-VIDEO/hdmi/src/svo_hdmi.v'
Analyzing included file '/home/milton/kraft80/hardware/TANG-NANO-VIDEO/hdmi/src/hdmi/svo_defines.vh'("/home/milton/kraft80/hardware/TANG-NANO-VIDEO/hdmi/src/svo_hdmi.v":21)
Back to file '/home/milton/kraft80/hardware/TANG-NANO-VIDEO/hdmi/src/svo_hdmi.v'("/home/milton/kraft80/hardware/TANG-NANO-VIDEO/hdmi/src/svo_hdmi.v":21)
Undeclared symbol 'term_out_tready', assumed default net type 'wire'("/home/milton/kraft80/hardware/TANG-NANO-VIDEO/hdmi/src/svo_hdmi.v":121)
Analyzing Verilog file '/home/milton/kraft80/hardware/TANG-NANO-VIDEO/hdmi/src/top.v'
Undeclared symbol 'clk_p5', assumed default net type 'wire'("/home/milton/kraft80/hardware/TANG-NANO-VIDEO/hdmi/src/top.v":34)
Undeclared symbol 'pll_lock', assumed default net type 'wire'("/home/milton/kraft80/hardware/TANG-NANO-VIDEO/hdmi/src/top.v":35)
Undeclared symbol 'clk_p', assumed default net type 'wire'("/home/milton/kraft80/hardware/TANG-NANO-VIDEO/hdmi/src/top.v":39)
Undeclared symbol 'sys_resetn', assumed default net type 'wire'("/home/milton/kraft80/hardware/TANG-NANO-VIDEO/hdmi/src/top.v":45)
Compiling module 'top'("/home/milton/kraft80/hardware/TANG-NANO-VIDEO/hdmi/src/top.v":1)
Compiling module 'Gowin_rPLL'("/home/milton/kraft80/hardware/TANG-NANO-VIDEO/hdmi/src/gowin_rpll/gowin_rpll.v":9)
Compiling module 'Gowin_CLKDIV'("/home/milton/kraft80/hardware/TANG-NANO-VIDEO/hdmi/src/gowin_clkdiv/gowin_clkdiv.v":9)
Compiling module 'Reset_Sync'("/home/milton/kraft80/hardware/TANG-NANO-VIDEO/hdmi/src/top.v":78)
WARN  (EX3073) : Port 'in_axis_tvalid' remains unconnected for this instance("/home/milton/kraft80/hardware/TANG-NANO-VIDEO/hdmi/src/svo_hdmi.v":124)
Compiling module 'svo_hdmi'("/home/milton/kraft80/hardware/TANG-NANO-VIDEO/hdmi/src/svo_hdmi.v":23)
WARN  (EX3791) : Expression size 5 truncated to fit in target size 4("/home/milton/kraft80/hardware/TANG-NANO-VIDEO/hdmi/src/svo_hdmi.v":87)
WARN  (EX3791) : Expression size 5 truncated to fit in target size 4("/home/milton/kraft80/hardware/TANG-NANO-VIDEO/hdmi/src/svo_hdmi.v":90)
Compiling module 'svo_tcard(SVO_MODE="640x480V")'("/home/milton/kraft80/hardware/TANG-NANO-VIDEO/hdmi/src/hdmi/svo_tcard.v":23)
Extracting RAM for identifier 'cga_r'("/home/milton/kraft80/hardware/TANG-NANO-VIDEO/hdmi/src/hdmi/svo_tcard.v":67)
Extracting RAM for identifier 'cga_g'("/home/milton/kraft80/hardware/TANG-NANO-VIDEO/hdmi/src/hdmi/svo_tcard.v":68)
Extracting RAM for identifier 'cga_b'("/home/milton/kraft80/hardware/TANG-NANO-VIDEO/hdmi/src/hdmi/svo_tcard.v":69)
WARN  (EX3791) : Expression size 17 truncated to fit in target size 16("/home/milton/kraft80/hardware/TANG-NANO-VIDEO/hdmi/src/hdmi/svo_tcard.v":104)
WARN  (EX3791) : Expression size 17 truncated to fit in target size 16("/home/milton/kraft80/hardware/TANG-NANO-VIDEO/hdmi/src/hdmi/svo_tcard.v":190)
WARN  (EX3791) : Expression size 3 truncated to fit in target size 2("/home/milton/kraft80/hardware/TANG-NANO-VIDEO/hdmi/src/hdmi/svo_tcard.v":227)
WARN  (EX3791) : Expression size 9 truncated to fit in target size 8("/home/milton/kraft80/hardware/TANG-NANO-VIDEO/hdmi/src/hdmi/svo_tcard.v":231)
WARN  (EX3791) : Expression size 18 truncated to fit in target size 17("/home/milton/kraft80/hardware/TANG-NANO-VIDEO/hdmi/src/hdmi/svo_tcard.v":234)
WARN  (EX3791) : Expression size 3 truncated to fit in target size 2("/home/milton/kraft80/hardware/TANG-NANO-VIDEO/hdmi/src/hdmi/svo_tcard.v":239)
WARN  (EX3791) : Expression size 20 truncated to fit in target size 19("/home/milton/kraft80/hardware/TANG-NANO-VIDEO/hdmi/src/hdmi/svo_tcard.v":256)
Compiling module 'Gowin_DPB'("/home/milton/kraft80/hardware/TANG-NANO-VIDEO/hdmi/src/gowin_dpb/gowin_dpb.v":10)
WARN  (EX3670) : Actual bit length 32 differs from formal bit length 1 for port 'ocea'("/home/milton/kraft80/hardware/TANG-NANO-VIDEO/hdmi/src/hdmi/svo_tcard.v":300)
WARN  (EX3670) : Actual bit length 32 differs from formal bit length 1 for port 'cea'("/home/milton/kraft80/hardware/TANG-NANO-VIDEO/hdmi/src/hdmi/svo_tcard.v":301)
WARN  (EX3670) : Actual bit length 32 differs from formal bit length 1 for port 'reseta'("/home/milton/kraft80/hardware/TANG-NANO-VIDEO/hdmi/src/hdmi/svo_tcard.v":302)
WARN  (EX3670) : Actual bit length 32 differs from formal bit length 1 for port 'oceb'("/home/milton/kraft80/hardware/TANG-NANO-VIDEO/hdmi/src/hdmi/svo_tcard.v":305)
WARN  (EX3670) : Actual bit length 32 differs from formal bit length 1 for port 'ceb'("/home/milton/kraft80/hardware/TANG-NANO-VIDEO/hdmi/src/hdmi/svo_tcard.v":306)
WARN  (EX3670) : Actual bit length 32 differs from formal bit length 1 for port 'resetb'("/home/milton/kraft80/hardware/TANG-NANO-VIDEO/hdmi/src/hdmi/svo_tcard.v":307)
WARN  (EX3670) : Actual bit length 32 differs from formal bit length 1 for port 'wreb'("/home/milton/kraft80/hardware/TANG-NANO-VIDEO/hdmi/src/hdmi/svo_tcard.v":308)
WARN  (EX3670) : Actual bit length 32 differs from formal bit length 8 for port 'dinb'("/home/milton/kraft80/hardware/TANG-NANO-VIDEO/hdmi/src/hdmi/svo_tcard.v":312)
WARN  (EX1998) : Net 'regled[2]' does not have a driver("/home/milton/kraft80/hardware/TANG-NANO-VIDEO/hdmi/src/hdmi/svo_tcard.v":89)
Compiling module 'svo_term(SVO_MODE="640x480V")'("/home/milton/kraft80/hardware/TANG-NANO-VIDEO/hdmi/src/hdmi/svo_term.v":23)
Extracting RAM for identifier 'mem'("/home/milton/kraft80/hardware/TANG-NANO-VIDEO/hdmi/src/hdmi/svo_term.v":64)
WARN  (EX3045) : Case equality operator always evaluates to false due to comparison with 'x' or 'z'("/home/milton/kraft80/hardware/TANG-NANO-VIDEO/hdmi/src/hdmi/svo_term.v":54)
WARN  (EX3791) : Expression size 32 truncated to fit in target size 8("/home/milton/kraft80/hardware/TANG-NANO-VIDEO/hdmi/src/hdmi/svo_term.v":101)
WARN  (EX3791) : Expression size 12 truncated to fit in target size 11("/home/milton/kraft80/hardware/TANG-NANO-VIDEO/hdmi/src/hdmi/svo_term.v":144)
WARN  (EX3791) : Expression size 12 truncated to fit in target size 11("/home/milton/kraft80/hardware/TANG-NANO-VIDEO/hdmi/src/hdmi/svo_term.v":145)
WARN  (EX3791) : Expression size 32 truncated to fit in target size 11("/home/milton/kraft80/hardware/TANG-NANO-VIDEO/hdmi/src/hdmi/svo_term.v":192)
WARN  (EX3791) : Expression size 15 truncated to fit in target size 14("/home/milton/kraft80/hardware/TANG-NANO-VIDEO/hdmi/src/hdmi/svo_term.v":371)
WARN  (EX3791) : Expression size 15 truncated to fit in target size 14("/home/milton/kraft80/hardware/TANG-NANO-VIDEO/hdmi/src/hdmi/svo_term.v":373)
WARN  (EX3791) : Expression size 12 truncated to fit in target size 11("/home/milton/kraft80/hardware/TANG-NANO-VIDEO/hdmi/src/hdmi/svo_term.v":389)
WARN  (EX3791) : Expression size 4 truncated to fit in target size 3("/home/milton/kraft80/hardware/TANG-NANO-VIDEO/hdmi/src/hdmi/svo_term.v":433)
WARN  (EX3791) : Expression size 4 truncated to fit in target size 3("/home/milton/kraft80/hardware/TANG-NANO-VIDEO/hdmi/src/hdmi/svo_term.v":439)
Compiling module 'svo_overlay(SVO_MODE="640x480V")'("/home/milton/kraft80/hardware/TANG-NANO-VIDEO/hdmi/src/hdmi/svo_utils.v":250)
WARN  (EX3045) : Case equality operator always evaluates to false due to comparison with 'x' or 'z'("/home/milton/kraft80/hardware/TANG-NANO-VIDEO/hdmi/src/hdmi/svo_utils.v":275)
WARN  (EX3791) : Expression size 2 truncated to fit in target size 1("/home/milton/kraft80/hardware/TANG-NANO-VIDEO/hdmi/src/hdmi/svo_utils.v":303)
Compiling module 'svo_buf(SVO_MODE="640x480V")'("/home/milton/kraft80/hardware/TANG-NANO-VIDEO/hdmi/src/hdmi/svo_utils.v":101)
WARN  (EX3045) : Case equality operator always evaluates to false due to comparison with 'x' or 'z'("/home/milton/kraft80/hardware/TANG-NANO-VIDEO/hdmi/src/hdmi/svo_utils.v":121)
Compiling module 'svo_axis_pipe(TDATA_WIDTH=24)'("/home/milton/kraft80/hardware/TANG-NANO-VIDEO/hdmi/src/hdmi/svo_utils.v":31)
Compiling module 'svo_buf(TUSER_WIDTH=2,SVO_MODE="640x480V")'("/home/milton/kraft80/hardware/TANG-NANO-VIDEO/hdmi/src/hdmi/svo_utils.v":101)
WARN  (EX3045) : Case equality operator always evaluates to false due to comparison with 'x' or 'z'("/home/milton/kraft80/hardware/TANG-NANO-VIDEO/hdmi/src/hdmi/svo_utils.v":121)
Compiling module 'svo_axis_pipe(TDATA_WIDTH=24,TUSER_WIDTH=2)'("/home/milton/kraft80/hardware/TANG-NANO-VIDEO/hdmi/src/hdmi/svo_utils.v":31)
Compiling module 'svo_enc(SVO_MODE="640x480V")'("/home/milton/kraft80/hardware/TANG-NANO-VIDEO/hdmi/src/hdmi/svo_enc.v":23)
Extracting RAM for identifier 'ctrl_fifo'("/home/milton/kraft80/hardware/TANG-NANO-VIDEO/hdmi/src/hdmi/svo_enc.v":48)
Extracting RAM for identifier 'pixel_fifo'("/home/milton/kraft80/hardware/TANG-NANO-VIDEO/hdmi/src/hdmi/svo_enc.v":51)
Extracting RAM for identifier 'out_fifo'("/home/milton/kraft80/hardware/TANG-NANO-VIDEO/hdmi/src/hdmi/svo_enc.v":54)
WARN  (EX3045) : Case equality operator always evaluates to false due to comparison with 'x' or 'z'("/home/milton/kraft80/hardware/TANG-NANO-VIDEO/hdmi/src/hdmi/svo_enc.v":43)
WARN  (EX3791) : Expression size 3 truncated to fit in target size 2("/home/milton/kraft80/hardware/TANG-NANO-VIDEO/hdmi/src/hdmi/svo_enc.v":92)
WARN  (EX3791) : Expression size 15 truncated to fit in target size 14("/home/milton/kraft80/hardware/TANG-NANO-VIDEO/hdmi/src/hdmi/svo_enc.v":96)
WARN  (EX3791) : Expression size 15 truncated to fit in target size 14("/home/milton/kraft80/hardware/TANG-NANO-VIDEO/hdmi/src/hdmi/svo_enc.v":98)
WARN  (EX3791) : Expression size 4 truncated to fit in target size 3("/home/milton/kraft80/hardware/TANG-NANO-VIDEO/hdmi/src/hdmi/svo_enc.v":110)
WARN  (EX3791) : Expression size 4 truncated to fit in target size 3("/home/milton/kraft80/hardware/TANG-NANO-VIDEO/hdmi/src/hdmi/svo_enc.v":125)
WARN  (EX3791) : Expression size 3 truncated to fit in target size 2("/home/milton/kraft80/hardware/TANG-NANO-VIDEO/hdmi/src/hdmi/svo_enc.v":129)
WARN  (EX3791) : Expression size 3 truncated to fit in target size 2("/home/milton/kraft80/hardware/TANG-NANO-VIDEO/hdmi/src/hdmi/svo_enc.v":130)
WARN  (EX3791) : Expression size 3 truncated to fit in target size 2("/home/milton/kraft80/hardware/TANG-NANO-VIDEO/hdmi/src/hdmi/svo_enc.v":133)
WARN  (EX3791) : Expression size 3 truncated to fit in target size 2("/home/milton/kraft80/hardware/TANG-NANO-VIDEO/hdmi/src/hdmi/svo_enc.v":134)
WARN  (EX3791) : Expression size 4 truncated to fit in target size 3("/home/milton/kraft80/hardware/TANG-NANO-VIDEO/hdmi/src/hdmi/svo_enc.v":135)
WARN  (EX3791) : Expression size 3 truncated to fit in target size 2("/home/milton/kraft80/hardware/TANG-NANO-VIDEO/hdmi/src/hdmi/svo_enc.v":155)
WARN  (EX3791) : Expression size 3 truncated to fit in target size 2("/home/milton/kraft80/hardware/TANG-NANO-VIDEO/hdmi/src/hdmi/svo_enc.v":159)
Compiling module 'svo_tmds'("/home/milton/kraft80/hardware/TANG-NANO-VIDEO/hdmi/src/hdmi/svo_tmds.v":23)
WARN  (EX2565) : Input 'in_axis_tvalid' on this instance is undriven. Assigning to 0, simulation mismatch possible. Please assign the input or remove the declaration("/home/milton/kraft80/hardware/TANG-NANO-VIDEO/hdmi/src/svo_hdmi.v":124)
WARN  (EX2565) : Input 'in_axis_tdata[7]' on this instance is undriven. Assigning to 0, simulation mismatch possible. Please assign the input or remove the declaration("/home/milton/kraft80/hardware/TANG-NANO-VIDEO/hdmi/src/svo_hdmi.v":124)
WARN  (EX2565) : Input 'in_axis_tdata[6]' on this instance is undriven. Assigning to 0, simulation mismatch possible. Please assign the input or remove the declaration("/home/milton/kraft80/hardware/TANG-NANO-VIDEO/hdmi/src/svo_hdmi.v":124)
WARN  (EX2565) : Input 'in_axis_tdata[5]' on this instance is undriven. Assigning to 0, simulation mismatch possible. Please assign the input or remove the declaration("/home/milton/kraft80/hardware/TANG-NANO-VIDEO/hdmi/src/svo_hdmi.v":124)
WARN  (EX2565) : Input 'in_axis_tdata[4]' on this instance is undriven. Assigning to 0, simulation mismatch possible. Please assign the input or remove the declaration("/home/milton/kraft80/hardware/TANG-NANO-VIDEO/hdmi/src/svo_hdmi.v":124)
WARN  (EX2565) : Input 'in_axis_tdata[3]' on this instance is undriven. Assigning to 0, simulation mismatch possible. Please assign the input or remove the declaration("/home/milton/kraft80/hardware/TANG-NANO-VIDEO/hdmi/src/svo_hdmi.v":124)
WARN  (EX2565) : Input 'in_axis_tdata[2]' on this instance is undriven. Assigning to 0, simulation mismatch possible. Please assign the input or remove the declaration("/home/milton/kraft80/hardware/TANG-NANO-VIDEO/hdmi/src/svo_hdmi.v":124)
WARN  (EX2565) : Input 'in_axis_tdata[1]' on this instance is undriven. Assigning to 0, simulation mismatch possible. Please assign the input or remove the declaration("/home/milton/kraft80/hardware/TANG-NANO-VIDEO/hdmi/src/svo_hdmi.v":124)
WARN  (EX2565) : Input 'in_axis_tdata[0]' on this instance is undriven. Assigning to 0, simulation mismatch possible. Please assign the input or remove the declaration("/home/milton/kraft80/hardware/TANG-NANO-VIDEO/hdmi/src/svo_hdmi.v":124)
NOTE  (EX0101) : Current top module is "top"
[5%] Running netlist conversion ...
WARN  (CV0016) : Input nrst is unused("/home/milton/kraft80/hardware/TANG-NANO-VIDEO/hdmi/src/top.v":7)
Running device independent optimization ...
[10%] Optimizing Phase 0 completed
[15%] Optimizing Phase 1 completed
[25%] Optimizing Phase 2 completed
Running inference ...
[30%] Inferring Phase 0 completed
[40%] Inferring Phase 1 completed
[50%] Inferring Phase 2 completed
[55%] Inferring Phase 3 completed
Running technical mapping ...
[60%] Tech-Mapping Phase 0 completed
[65%] Tech-Mapping Phase 1 completed
[75%] Tech-Mapping Phase 2 completed
[80%] Tech-Mapping Phase 3 completed
[90%] Tech-Mapping Phase 4 completed
[95%] Generate netlist file "/home/milton/kraft80/hardware/TANG-NANO-VIDEO/hdmi/impl/gwsynthesis/hdmi.vg" completed
[100%] Generate report file "/home/milton/kraft80/hardware/TANG-NANO-VIDEO/hdmi/impl/gwsynthesis/hdmi_syn.rpt.html" completed
GowinSynthesis finish
